2022/04/19 12:59:50 [notice] 1#1: using the "epoll" event method
2022/04/19 12:59:50 [notice] 1#1: nginx/1.21.6
2022/04/19 12:59:50 [notice] 1#1: built by gcc 10.2.1 20210110 (Debian 10.2.1-6) 
2022/04/19 12:59:50 [notice] 1#1: OS: Linux 5.10.104-linuxkit
2022/04/19 12:59:50 [notice] 1#1: getrlimit(RLIMIT_NOFILE): 1048576:1048576
2022/04/19 12:59:50 [notice] 1#1: start worker processes
2022/04/19 12:59:50 [notice] 1#1: start worker process 23
2022/04/19 12:59:50 [notice] 1#1: start worker process 24
2022/04/19 12:59:50 [notice] 1#1: start worker process 25
2022/04/19 12:59:50 [notice] 1#1: start worker process 26
2022/04/19 15:51:34 [notice] 1#1: signal 3 (SIGQUIT) received, shutting down
2022/04/19 15:51:34 [notice] 25#25: gracefully shutting down
2022/04/19 15:51:34 [notice] 23#23: gracefully shutting down
2022/04/19 15:51:34 [notice] 26#26: gracefully shutting down
2022/04/19 15:51:34 [notice] 26#26: exiting
2022/04/19 15:51:34 [notice] 26#26: exit
2022/04/19 15:51:34 [notice] 24#24: gracefully shutting down
2022/04/19 15:51:34 [notice] 25#25: exiting
2022/04/19 15:51:34 [notice] 23#23: exiting
2022/04/19 15:51:34 [notice] 24#24: exiting
2022/04/19 15:51:34 [notice] 25#25: exit
2022/04/19 15:51:34 [notice] 23#23: exit
2022/04/19 15:51:34 [notice] 24#24: exit
2022/04/19 15:51:34 [notice] 1#1: signal 17 (SIGCHLD) received from 23
2022/04/19 15:51:34 [notice] 1#1: worker process 23 exited with code 0
2022/04/19 15:51:34 [notice] 1#1: worker process 25 exited with code 0
2022/04/19 15:51:34 [notice] 1#1: signal 29 (SIGIO) received
2022/04/19 15:51:34 [notice] 1#1: signal 17 (SIGCHLD) received from 24
2022/04/19 15:51:34 [notice] 1#1: worker process 24 exited with code 0
2022/04/19 15:51:34 [notice] 1#1: signal 29 (SIGIO) received
2022/04/19 15:51:34 [notice] 1#1: signal 17 (SIGCHLD) received from 26
2022/04/19 15:51:34 [notice] 1#1: worker process 26 exited with code 0
2022/04/19 15:51:34 [notice] 1#1: exit
2022/04/19 16:04:11 [notice] 1#1: using the "epoll" event method
2022/04/19 16:04:11 [notice] 1#1: nginx/1.21.6
2022/04/19 16:04:11 [notice] 1#1: built by gcc 10.2.1 20210110 (Debian 10.2.1-6) 
2022/04/19 16:04:11 [notice] 1#1: OS: Linux 5.10.104-linuxkit
2022/04/19 16:04:11 [notice] 1#1: getrlimit(RLIMIT_NOFILE): 1048576:1048576
2022/04/19 16:04:11 [notice] 1#1: start worker processes
2022/04/19 16:04:11 [notice] 1#1: start worker process 23
2022/04/19 16:04:11 [notice] 1#1: start worker process 24
2022/04/19 16:04:11 [notice] 1#1: start worker process 25
2022/04/19 16:04:11 [notice] 1#1: start worker process 26
2022/04/19 16:42:59 [notice] 1#1: signal 3 (SIGQUIT) received, shutting down
2022/04/19 16:42:59 [notice] 23#23: gracefully shutting down
2022/04/19 16:42:59 [notice] 23#23: exiting
2022/04/19 16:42:59 [notice] 25#25: gracefully shutting down
2022/04/19 16:42:59 [notice] 26#26: gracefully shutting down
2022/04/19 16:42:59 [notice] 24#24: gracefully shutting down
2022/04/19 16:42:59 [notice] 23#23: exit
2022/04/19 16:42:59 [notice] 25#25: exiting
2022/04/19 16:42:59 [notice] 26#26: exiting
2022/04/19 16:42:59 [notice] 24#24: exiting
2022/04/19 16:42:59 [notice] 25#25: exit
2022/04/19 16:42:59 [notice] 26#26: exit
2022/04/19 16:42:59 [notice] 24#24: exit
2022/04/19 16:42:59 [notice] 1#1: signal 17 (SIGCHLD) received from 23
2022/04/19 16:42:59 [notice] 1#1: worker process 23 exited with code 0
2022/04/19 16:42:59 [notice] 1#1: signal 29 (SIGIO) received
2022/04/19 16:42:59 [notice] 1#1: signal 17 (SIGCHLD) received from 25
2022/04/19 16:42:59 [notice] 1#1: worker process 25 exited with code 0
2022/04/19 16:42:59 [notice] 1#1: signal 29 (SIGIO) received
2022/04/19 16:42:59 [notice] 1#1: signal 17 (SIGCHLD) received from 24
2022/04/19 16:42:59 [notice] 1#1: worker process 24 exited with code 0
2022/04/19 16:42:59 [notice] 1#1: signal 29 (SIGIO) received
2022/04/19 16:42:59 [notice] 1#1: signal 17 (SIGCHLD) received from 26
2022/04/19 16:42:59 [notice] 1#1: worker process 26 exited with code 0
2022/04/19 16:42:59 [notice] 1#1: exit
2022/04/19 16:43:06 [notice] 1#1: using the "epoll" event method
2022/04/19 16:43:06 [notice] 1#1: nginx/1.21.6
2022/04/19 16:43:06 [notice] 1#1: built by gcc 10.2.1 20210110 (Debian 10.2.1-6) 
2022/04/19 16:43:06 [notice] 1#1: OS: Linux 5.10.104-linuxkit
2022/04/19 16:43:06 [notice] 1#1: getrlimit(RLIMIT_NOFILE): 1048576:1048576
2022/04/19 16:43:06 [notice] 1#1: start worker processes
2022/04/19 16:43:06 [notice] 1#1: start worker process 23
2022/04/19 16:43:06 [notice] 1#1: start worker process 24
2022/04/19 16:43:06 [notice] 1#1: start worker process 25
2022/04/19 16:43:06 [notice] 1#1: start worker process 26
2022/04/20 06:45:18 [notice] 1#1: signal 3 (SIGQUIT) received, shutting down
2022/04/20 06:45:18 [notice] 25#25: gracefully shutting down
2022/04/20 06:45:18 [notice] 26#26: gracefully shutting down
2022/04/20 06:45:18 [notice] 23#23: gracefully shutting down
2022/04/20 06:45:18 [notice] 24#24: gracefully shutting down
2022/04/20 06:45:18 [notice] 25#25: exiting
2022/04/20 06:45:18 [notice] 26#26: exiting
2022/04/20 06:45:18 [notice] 23#23: exiting
2022/04/20 06:45:18 [notice] 24#24: exiting
2022/04/20 06:45:18 [notice] 25#25: exit
2022/04/20 06:45:18 [notice] 26#26: exit
2022/04/20 06:45:18 [notice] 23#23: exit
2022/04/20 06:45:18 [notice] 24#24: exit
2022/04/20 06:45:19 [notice] 1#1: signal 17 (SIGCHLD) received from 26
2022/04/20 06:45:19 [notice] 1#1: worker process 23 exited with code 0
2022/04/20 06:45:19 [notice] 1#1: worker process 26 exited with code 0
2022/04/20 06:45:19 [notice] 1#1: signal 29 (SIGIO) received
2022/04/20 06:45:19 [notice] 1#1: signal 17 (SIGCHLD) received from 25
2022/04/20 06:45:19 [notice] 1#1: worker process 25 exited with code 0
2022/04/20 06:45:19 [notice] 1#1: signal 29 (SIGIO) received
2022/04/20 06:45:19 [notice] 1#1: signal 17 (SIGCHLD) received from 24
2022/04/20 06:45:19 [notice] 1#1: worker process 24 exited with code 0
2022/04/20 06:45:19 [notice] 1#1: exit
2022/04/20 07:54:59 [notice] 1#1: using the "epoll" event method
2022/04/20 07:54:59 [notice] 1#1: nginx/1.21.6
2022/04/20 07:54:59 [notice] 1#1: built by gcc 10.2.1 20210110 (Debian 10.2.1-6) 
2022/04/20 07:54:59 [notice] 1#1: OS: Linux 5.10.104-linuxkit
2022/04/20 07:54:59 [notice] 1#1: getrlimit(RLIMIT_NOFILE): 1048576:1048576
2022/04/20 07:54:59 [notice] 1#1: start worker processes
2022/04/20 07:54:59 [notice] 1#1: start worker process 23
2022/04/20 07:54:59 [notice] 1#1: start worker process 24
2022/04/20 07:54:59 [notice] 1#1: start worker process 25
2022/04/20 07:54:59 [notice] 1#1: start worker process 26
2022/04/20 07:55:26 [notice] 1#1: signal 3 (SIGQUIT) received, shutting down
2022/04/20 07:55:26 [notice] 23#23: gracefully shutting down
2022/04/20 07:55:26 [notice] 26#26: gracefully shutting down
2022/04/20 07:55:26 [notice] 26#26: exiting
2022/04/20 07:55:26 [notice] 24#24: gracefully shutting down
2022/04/20 07:55:26 [notice] 25#25: gracefully shutting down
2022/04/20 07:55:26 [notice] 25#25: exiting
2022/04/20 07:55:26 [notice] 23#23: exiting
2022/04/20 07:55:26 [notice] 26#26: exit
2022/04/20 07:55:26 [notice] 24#24: exiting
2022/04/20 07:55:26 [notice] 24#24: exit
2022/04/20 07:55:26 [notice] 25#25: exit
2022/04/20 07:55:26 [notice] 23#23: exit
2022/04/20 07:55:26 [notice] 1#1: signal 17 (SIGCHLD) received from 26
2022/04/20 07:55:26 [notice] 1#1: worker process 26 exited with code 0
2022/04/20 07:55:26 [notice] 1#1: signal 29 (SIGIO) received
2022/04/20 07:55:26 [notice] 1#1: signal 17 (SIGCHLD) received from 25
2022/04/20 07:55:26 [notice] 1#1: worker process 25 exited with code 0
2022/04/20 07:55:26 [notice] 1#1: signal 29 (SIGIO) received
2022/04/20 07:55:26 [notice] 1#1: signal 17 (SIGCHLD) received from 24
2022/04/20 07:55:26 [notice] 1#1: worker process 24 exited with code 0
2022/04/20 07:55:26 [notice] 1#1: signal 29 (SIGIO) received
2022/04/20 07:55:26 [notice] 1#1: signal 17 (SIGCHLD) received from 23
2022/04/20 07:55:26 [notice] 1#1: worker process 23 exited with code 0
2022/04/20 07:55:26 [notice] 1#1: exit
2022/04/20 07:56:26 [notice] 1#1: using the "epoll" event method
2022/04/20 07:56:26 [notice] 1#1: nginx/1.21.6
2022/04/20 07:56:26 [notice] 1#1: built by gcc 10.2.1 20210110 (Debian 10.2.1-6) 
2022/04/20 07:56:26 [notice] 1#1: OS: Linux 5.10.104-linuxkit
2022/04/20 07:56:26 [notice] 1#1: getrlimit(RLIMIT_NOFILE): 1048576:1048576
2022/04/20 07:56:26 [notice] 1#1: start worker processes
2022/04/20 07:56:26 [notice] 1#1: start worker process 23
2022/04/20 07:56:26 [notice] 1#1: start worker process 24
2022/04/20 07:56:26 [notice] 1#1: start worker process 25
2022/04/20 07:56:26 [notice] 1#1: start worker process 26
2022/04/20 07:56:37 [notice] 1#1: signal 3 (SIGQUIT) received, shutting down
2022/04/20 07:56:37 [notice] 24#24: gracefully shutting down
2022/04/20 07:56:37 [notice] 24#24: exiting
2022/04/20 07:56:37 [notice] 25#25: gracefully shutting down
2022/04/20 07:56:37 [notice] 25#25: exiting
2022/04/20 07:56:37 [notice] 23#23: gracefully shutting down
2022/04/20 07:56:37 [notice] 23#23: exiting
2022/04/20 07:56:37 [notice] 26#26: gracefully shutting down
2022/04/20 07:56:37 [notice] 24#24: exit
2022/04/20 07:56:37 [notice] 25#25: exit
2022/04/20 07:56:37 [notice] 23#23: exit
2022/04/20 07:56:37 [notice] 26#26: exiting
2022/04/20 07:56:37 [notice] 26#26: exit
2022/04/20 07:56:37 [notice] 1#1: signal 17 (SIGCHLD) received from 24
2022/04/20 07:56:37 [notice] 1#1: worker process 23 exited with code 0
2022/04/20 07:56:37 [notice] 1#1: worker process 24 exited with code 0
2022/04/20 07:56:37 [notice] 1#1: signal 29 (SIGIO) received
2022/04/20 07:56:37 [notice] 1#1: signal 17 (SIGCHLD) received from 25
2022/04/20 07:56:37 [notice] 1#1: worker process 25 exited with code 0
2022/04/20 07:56:37 [notice] 1#1: signal 29 (SIGIO) received
2022/04/20 07:56:37 [notice] 1#1: signal 17 (SIGCHLD) received from 26
2022/04/20 07:56:37 [notice] 1#1: worker process 26 exited with code 0
2022/04/20 07:56:37 [notice] 1#1: exit
2022/04/20 08:42:35 [notice] 1#1: using the "epoll" event method
2022/04/20 08:42:35 [notice] 1#1: nginx/1.21.6
2022/04/20 08:42:35 [notice] 1#1: built by gcc 10.2.1 20210110 (Debian 10.2.1-6) 
2022/04/20 08:42:35 [notice] 1#1: OS: Linux 5.10.104-linuxkit
2022/04/20 08:42:35 [notice] 1#1: getrlimit(RLIMIT_NOFILE): 1048576:1048576
2022/04/20 08:42:35 [notice] 1#1: start worker processes
2022/04/20 08:42:35 [notice] 1#1: start worker process 23
2022/04/20 08:42:35 [notice] 1#1: start worker process 24
2022/04/20 08:42:35 [notice] 1#1: start worker process 25
2022/04/20 08:42:35 [notice] 1#1: start worker process 26
2022/04/20 11:04:30 [notice] 1#1: signal 3 (SIGQUIT) received, shutting down
2022/04/20 11:04:30 [notice] 24#24: gracefully shutting down
2022/04/20 11:04:30 [notice] 26#26: gracefully shutting down
2022/04/20 11:04:30 [notice] 23#23: gracefully shutting down
2022/04/20 11:04:30 [notice] 25#25: gracefully shutting down
2022/04/20 11:04:30 [notice] 24#24: exiting
2022/04/20 11:04:30 [notice] 26#26: exiting
2022/04/20 11:04:30 [notice] 25#25: exiting
2022/04/20 11:04:30 [notice] 23#23: exiting
2022/04/20 11:04:30 [notice] 24#24: exit
2022/04/20 11:04:30 [notice] 26#26: exit
2022/04/20 11:04:30 [notice] 25#25: exit
2022/04/20 11:04:30 [notice] 23#23: exit
2022/04/20 11:04:30 [notice] 1#1: signal 17 (SIGCHLD) received from 26
2022/04/20 11:04:30 [notice] 1#1: worker process 25 exited with code 0
2022/04/20 11:04:30 [notice] 1#1: worker process 26 exited with code 0
2022/04/20 11:04:30 [notice] 1#1: signal 29 (SIGIO) received
2022/04/20 11:04:30 [notice] 1#1: signal 17 (SIGCHLD) received from 25
2022/04/20 11:04:30 [notice] 1#1: signal 17 (SIGCHLD) received from 24
2022/04/20 11:04:30 [notice] 1#1: worker process 23 exited with code 0
2022/04/20 11:04:30 [notice] 1#1: worker process 24 exited with code 0
2022/04/20 11:04:30 [notice] 1#1: exit
2022/04/20 11:20:47 [notice] 1#1: using the "epoll" event method
2022/04/20 11:20:47 [notice] 1#1: nginx/1.21.6
2022/04/20 11:20:47 [notice] 1#1: built by gcc 10.2.1 20210110 (Debian 10.2.1-6) 
2022/04/20 11:20:47 [notice] 1#1: OS: Linux 5.10.104-linuxkit
2022/04/20 11:20:47 [notice] 1#1: getrlimit(RLIMIT_NOFILE): 1048576:1048576
2022/04/20 11:20:47 [notice] 1#1: start worker processes
2022/04/20 11:20:47 [notice] 1#1: start worker process 22
2022/04/20 11:20:47 [notice] 1#1: start worker process 23
2022/04/20 11:20:47 [notice] 1#1: start worker process 24
2022/04/20 11:20:47 [notice] 1#1: start worker process 25
2022/04/21 16:36:28 [notice] 1#1: signal 3 (SIGQUIT) received, shutting down
2022/04/21 16:36:28 [notice] 23#23: gracefully shutting down
2022/04/21 16:36:28 [notice] 23#23: exiting
2022/04/21 16:36:28 [notice] 22#22: gracefully shutting down
2022/04/21 16:36:28 [notice] 24#24: gracefully shutting down
2022/04/21 16:36:28 [notice] 24#24: exiting
2022/04/21 16:36:28 [notice] 25#25: gracefully shutting down
2022/04/21 16:36:28 [notice] 23#23: exit
2022/04/21 16:36:28 [notice] 24#24: exit
2022/04/21 16:36:28 [notice] 25#25: exiting
2022/04/21 16:36:28 [notice] 25#25: exit
2022/04/21 16:36:28 [notice] 1#1: signal 17 (SIGCHLD) received from 23
2022/04/21 16:36:28 [notice] 1#1: worker process 23 exited with code 0
2022/04/21 16:36:28 [notice] 1#1: worker process 24 exited with code 0
2022/04/21 16:36:28 [notice] 1#1: signal 29 (SIGIO) received
2022/04/21 16:36:28 [notice] 1#1: signal 17 (SIGCHLD) received from 24
2022/04/21 16:36:28 [notice] 1#1: signal 17 (SIGCHLD) received from 25
2022/04/21 16:36:28 [notice] 1#1: worker process 25 exited with code 0
2022/04/21 16:36:28 [notice] 1#1: signal 29 (SIGIO) received
2022/04/21 16:38:40 [notice] 1#1: using the "epoll" event method
2022/04/21 16:38:40 [notice] 1#1: nginx/1.21.6
2022/04/21 16:38:40 [notice] 1#1: built by gcc 10.2.1 20210110 (Debian 10.2.1-6) 
2022/04/21 16:38:40 [notice] 1#1: OS: Linux 5.10.104-linuxkit
2022/04/21 16:38:40 [notice] 1#1: getrlimit(RLIMIT_NOFILE): 1048576:1048576
2022/04/21 16:38:40 [notice] 1#1: start worker processes
2022/04/21 16:38:40 [notice] 1#1: start worker process 23
2022/04/21 16:38:40 [notice] 1#1: start worker process 24
2022/04/21 16:38:40 [notice] 1#1: start worker process 25
2022/04/21 16:38:40 [notice] 1#1: start worker process 26
2022/04/24 10:14:14 [notice] 1#1: signal 3 (SIGQUIT) received, shutting down
2022/04/24 10:14:14 [notice] 23#23: gracefully shutting down
2022/04/24 10:14:14 [notice] 25#25: gracefully shutting down
2022/04/24 10:14:14 [notice] 26#26: gracefully shutting down
2022/04/24 10:14:14 [notice] 24#24: gracefully shutting down
2022/04/24 10:14:14 [notice] 23#23: exiting
2022/04/24 10:14:14 [notice] 26#26: exiting
2022/04/24 10:14:14 [notice] 25#25: exiting
2022/04/24 10:14:14 [notice] 24#24: exiting
2022/04/24 10:14:14 [notice] 24#24: exit
2022/04/24 10:14:14 [notice] 25#25: exit
2022/04/24 10:14:14 [notice] 26#26: exit
2022/04/24 10:14:14 [notice] 23#23: exit
2022/04/24 10:14:14 [notice] 1#1: signal 17 (SIGCHLD) received from 26
2022/04/24 10:14:14 [notice] 1#1: worker process 24 exited with code 0
2022/04/24 10:14:14 [notice] 1#1: worker process 23 exited with code 0
2022/04/24 10:14:14 [notice] 1#1: worker process 26 exited with code 0
2022/04/24 10:14:14 [notice] 1#1: signal 29 (SIGIO) received
2022/04/24 10:14:14 [notice] 1#1: signal 17 (SIGCHLD) received from 24
2022/04/24 10:14:14 [notice] 1#1: signal 17 (SIGCHLD) received from 25
2022/04/24 10:14:14 [notice] 1#1: worker process 25 exited with code 0
2022/04/24 10:14:14 [notice] 1#1: exit
2022/04/25 08:04:15 [warn] 1#1: conflicting server name "textile.lc" on 0.0.0.0:80, ignored
2022/04/25 08:04:15 [notice] 1#1: using the "epoll" event method
2022/04/25 08:04:15 [notice] 1#1: nginx/1.21.6
2022/04/25 08:04:15 [notice] 1#1: built by gcc 10.2.1 20210110 (Debian 10.2.1-6) 
2022/04/25 08:04:15 [notice] 1#1: OS: Linux 5.10.104-linuxkit
2022/04/25 08:04:15 [notice] 1#1: getrlimit(RLIMIT_NOFILE): 1048576:1048576
2022/04/25 08:04:15 [notice] 1#1: start worker processes
2022/04/25 08:04:15 [notice] 1#1: start worker process 22
2022/04/25 08:04:15 [notice] 1#1: start worker process 23
2022/04/25 08:04:15 [notice] 1#1: start worker process 24
2022/04/25 08:04:15 [notice] 1#1: start worker process 25
2022/04/26 00:29:29 [notice] 1#1: signal 3 (SIGQUIT) received, shutting down
2022/04/26 00:29:29 [notice] 24#24: gracefully shutting down
2022/04/26 00:29:29 [notice] 24#24: exiting
2022/04/26 00:29:29 [notice] 23#23: gracefully shutting down
2022/04/26 00:29:29 [notice] 22#22: gracefully shutting down
2022/04/26 00:29:29 [notice] 25#25: gracefully shutting down
2022/04/26 00:29:29 [notice] 24#24: exit
2022/04/26 00:29:29 [notice] 25#25: exiting
2022/04/26 00:29:29 [notice] 23#23: exiting
2022/04/26 00:29:29 [notice] 22#22: exiting
2022/04/26 00:29:29 [notice] 25#25: exit
2022/04/26 00:29:29 [notice] 23#23: exit
2022/04/26 00:29:29 [notice] 22#22: exit
2022/04/26 00:29:29 [notice] 1#1: signal 17 (SIGCHLD) received from 24
2022/04/26 00:29:29 [notice] 1#1: worker process 24 exited with code 0
2022/04/26 00:29:29 [notice] 1#1: signal 29 (SIGIO) received
2022/04/26 00:29:29 [notice] 1#1: signal 17 (SIGCHLD) received from 25
2022/04/26 00:29:29 [notice] 1#1: worker process 25 exited with code 0
2022/04/26 00:29:29 [notice] 1#1: signal 29 (SIGIO) received
2022/04/26 00:29:29 [notice] 1#1: signal 17 (SIGCHLD) received from 23
2022/04/26 00:29:29 [notice] 1#1: worker process 23 exited with code 0
2022/04/26 00:29:29 [notice] 1#1: signal 29 (SIGIO) received
2022/04/26 00:29:29 [notice] 1#1: signal 17 (SIGCHLD) received from 22
2022/04/26 00:29:29 [notice] 1#1: worker process 22 exited with code 0
2022/04/26 00:29:29 [notice] 1#1: exit
2022/04/26 00:29:44 [warn] 1#1: conflicting server name "textile.lc" on 0.0.0.0:80, ignored
2022/04/26 00:29:44 [notice] 1#1: using the "epoll" event method
2022/04/26 00:29:44 [notice] 1#1: nginx/1.21.6
2022/04/26 00:29:44 [notice] 1#1: built by gcc 10.2.1 20210110 (Debian 10.2.1-6) 
2022/04/26 00:29:44 [notice] 1#1: OS: Linux 5.10.104-linuxkit
2022/04/26 00:29:44 [notice] 1#1: getrlimit(RLIMIT_NOFILE): 1048576:1048576
2022/04/26 00:29:44 [notice] 1#1: start worker processes
2022/04/26 00:29:44 [notice] 1#1: start worker process 24
2022/04/26 00:29:44 [notice] 1#1: start worker process 25
2022/04/26 00:29:44 [notice] 1#1: start worker process 26
2022/04/26 00:29:44 [notice] 1#1: start worker process 27
2022/04/26 11:13:44 [notice] 1#1: signal 3 (SIGQUIT) received, shutting down
2022/04/26 11:13:44 [notice] 24#24: gracefully shutting down
2022/04/26 11:13:44 [notice] 27#27: gracefully shutting down
2022/04/26 11:13:44 [notice] 26#26: gracefully shutting down
2022/04/26 11:13:44 [notice] 25#25: gracefully shutting down
2022/04/26 11:13:44 [notice] 27#27: exiting
2022/04/26 11:13:44 [notice] 24#24: exiting
2022/04/26 11:13:44 [notice] 25#25: exiting
2022/04/26 11:13:44 [notice] 26#26: exiting
2022/04/26 11:13:44 [notice] 24#24: exit
2022/04/26 11:13:44 [notice] 27#27: exit
2022/04/26 11:13:44 [notice] 25#25: exit
2022/04/26 11:13:44 [notice] 26#26: exit
2022/04/26 11:13:44 [notice] 1#1: signal 17 (SIGCHLD) received from 25
2022/04/26 11:13:44 [notice] 1#1: worker process 25 exited with code 0
2022/04/26 11:13:44 [notice] 1#1: signal 29 (SIGIO) received
2022/04/26 11:13:44 [notice] 1#1: signal 17 (SIGCHLD) received from 24
2022/04/26 11:13:44 [notice] 1#1: worker process 24 exited with code 0
2022/04/26 11:13:44 [notice] 1#1: signal 29 (SIGIO) received
2022/04/26 11:13:44 [notice] 1#1: signal 17 (SIGCHLD) received from 27
2022/04/26 11:13:44 [notice] 1#1: worker process 27 exited with code 0
2022/04/26 11:13:44 [notice] 1#1: signal 29 (SIGIO) received
2022/04/26 11:13:44 [notice] 1#1: signal 17 (SIGCHLD) received from 26
2022/04/26 11:13:44 [notice] 1#1: worker process 26 exited with code 0
2022/04/26 11:13:44 [notice] 1#1: exit
2022/04/26 11:14:00 [warn] 1#1: conflicting server name "textile.lc" on 0.0.0.0:80, ignored
2022/04/26 11:14:00 [notice] 1#1: using the "epoll" event method
2022/04/26 11:14:00 [notice] 1#1: nginx/1.21.6
2022/04/26 11:14:00 [notice] 1#1: built by gcc 10.2.1 20210110 (Debian 10.2.1-6) 
2022/04/26 11:14:00 [notice] 1#1: OS: Linux 5.10.104-linuxkit
2022/04/26 11:14:00 [notice] 1#1: getrlimit(RLIMIT_NOFILE): 1048576:1048576
2022/04/26 11:14:00 [notice] 1#1: start worker processes
2022/04/26 11:14:00 [notice] 1#1: start worker process 22
2022/04/26 11:14:00 [notice] 1#1: start worker process 23
2022/04/26 11:14:00 [notice] 1#1: start worker process 24
2022/04/26 11:14:00 [notice] 1#1: start worker process 25
2022/04/26 11:18:28 [notice] 1#1: signal 3 (SIGQUIT) received, shutting down
2022/04/26 11:18:28 [notice] 23#23: gracefully shutting down
2022/04/26 11:18:28 [notice] 23#23: exiting
2022/04/26 11:18:28 [notice] 22#22: gracefully shutting down
2022/04/26 11:18:28 [notice] 22#22: exiting
2022/04/26 11:18:28 [notice] 23#23: exit
2022/04/26 11:18:28 [notice] 24#24: gracefully shutting down
2022/04/26 11:18:28 [notice] 25#25: gracefully shutting down
2022/04/26 11:18:28 [notice] 25#25: exiting
2022/04/26 11:18:28 [notice] 22#22: exit
2022/04/26 11:18:28 [notice] 24#24: exiting
2022/04/26 11:18:28 [notice] 25#25: exit
2022/04/26 11:18:28 [notice] 24#24: exit
2022/04/26 11:18:28 [notice] 1#1: signal 17 (SIGCHLD) received from 23
2022/04/26 11:18:28 [notice] 1#1: worker process 23 exited with code 0
2022/04/26 11:18:28 [notice] 1#1: signal 29 (SIGIO) received
2022/04/26 11:18:28 [notice] 1#1: signal 17 (SIGCHLD) received from 22
2022/04/26 11:18:28 [notice] 1#1: worker process 22 exited with code 0
2022/04/26 11:18:28 [notice] 1#1: signal 29 (SIGIO) received
2022/04/26 11:18:28 [notice] 1#1: signal 17 (SIGCHLD) received from 24
2022/04/26 11:18:28 [notice] 1#1: worker process 24 exited with code 0
2022/04/26 11:18:28 [notice] 1#1: signal 29 (SIGIO) received
2022/04/26 11:18:28 [notice] 1#1: signal 17 (SIGCHLD) received from 25
2022/04/26 11:18:28 [notice] 1#1: worker process 25 exited with code 0
2022/04/26 11:18:28 [notice] 1#1: exit
2022/04/26 11:24:13 [warn] 1#1: conflicting server name "textile.lc" on 0.0.0.0:80, ignored
2022/04/26 11:24:13 [notice] 1#1: using the "epoll" event method
2022/04/26 11:24:13 [notice] 1#1: nginx/1.21.6
2022/04/26 11:24:13 [notice] 1#1: built by gcc 10.2.1 20210110 (Debian 10.2.1-6) 
2022/04/26 11:24:13 [notice] 1#1: OS: Linux 5.10.104-linuxkit
2022/04/26 11:24:13 [notice] 1#1: getrlimit(RLIMIT_NOFILE): 1048576:1048576
2022/04/26 11:24:13 [notice] 1#1: start worker processes
2022/04/26 11:24:13 [notice] 1#1: start worker process 23
2022/04/26 11:24:13 [notice] 1#1: start worker process 24
2022/04/26 11:24:13 [notice] 1#1: start worker process 25
2022/04/26 11:24:13 [notice] 1#1: start worker process 26
2022/04/26 11:28:08 [notice] 1#1: signal 3 (SIGQUIT) received, shutting down
2022/04/26 11:28:08 [notice] 26#26: gracefully shutting down
2022/04/26 11:28:08 [notice] 26#26: exiting
2022/04/26 11:28:08 [notice] 23#23: gracefully shutting down
2022/04/26 11:28:08 [notice] 23#23: exiting
2022/04/26 11:28:08 [notice] 25#25: gracefully shutting down
2022/04/26 11:28:08 [notice] 24#24: gracefully shutting down
2022/04/26 11:28:08 [notice] 26#26: exit
2022/04/26 11:28:08 [notice] 23#23: exit
2022/04/26 11:28:08 [notice] 25#25: exiting
2022/04/26 11:28:08 [notice] 25#25: exit
2022/04/26 11:28:08 [notice] 24#24: exiting
2022/04/26 11:28:08 [notice] 24#24: exit
2022/04/26 11:28:08 [notice] 1#1: signal 17 (SIGCHLD) received from 26
2022/04/26 11:28:08 [notice] 1#1: worker process 26 exited with code 0
2022/04/26 11:28:08 [notice] 1#1: signal 29 (SIGIO) received
2022/04/26 11:28:08 [notice] 1#1: signal 17 (SIGCHLD) received from 23
2022/04/26 11:28:08 [notice] 1#1: worker process 23 exited with code 0
2022/04/26 11:28:08 [notice] 1#1: signal 29 (SIGIO) received
2022/04/26 11:28:08 [notice] 1#1: signal 17 (SIGCHLD) received from 25
2022/04/26 11:28:08 [notice] 1#1: worker process 25 exited with code 0
2022/04/26 11:28:08 [notice] 1#1: signal 29 (SIGIO) received
2022/04/26 11:28:08 [notice] 1#1: signal 17 (SIGCHLD) received from 24
2022/04/26 11:28:08 [notice] 1#1: worker process 24 exited with code 0
2022/04/26 11:28:08 [notice] 1#1: exit
2022/04/26 11:28:28 [warn] 1#1: conflicting server name "textile.lc" on 0.0.0.0:80, ignored
2022/04/26 11:28:28 [notice] 1#1: using the "epoll" event method
2022/04/26 11:28:28 [notice] 1#1: nginx/1.21.6
2022/04/26 11:28:28 [notice] 1#1: built by gcc 10.2.1 20210110 (Debian 10.2.1-6) 
2022/04/26 11:28:28 [notice] 1#1: OS: Linux 5.10.104-linuxkit
2022/04/26 11:28:28 [notice] 1#1: getrlimit(RLIMIT_NOFILE): 1048576:1048576
2022/04/26 11:28:28 [notice] 1#1: start worker processes
2022/04/26 11:28:28 [notice] 1#1: start worker process 24
2022/04/26 11:28:28 [notice] 1#1: start worker process 25
2022/04/26 11:28:28 [notice] 1#1: start worker process 26
2022/04/26 11:28:28 [notice] 1#1: start worker process 27
2022/04/28 15:32:04 [notice] 1#1: signal 3 (SIGQUIT) received, shutting down
2022/04/28 15:32:04 [notice] 24#24: gracefully shutting down
2022/04/28 15:32:04 [notice] 26#26: gracefully shutting down
2022/04/28 15:32:04 [notice] 27#27: gracefully shutting down
2022/04/28 15:32:04 [notice] 25#25: gracefully shutting down
2022/04/28 15:32:04 [notice] 25#25: exiting
2022/04/28 15:32:04 [notice] 24#24: exiting
2022/04/28 15:32:04 [notice] 26#26: exiting
2022/04/28 15:32:04 [notice] 27#27: exiting
2022/04/28 15:32:04 [notice] 25#25: exit
2022/04/28 15:32:04 [notice] 24#24: exit
2022/04/28 15:32:04 [notice] 26#26: exit
2022/04/28 15:32:04 [notice] 27#27: exit
2022/04/28 15:32:04 [notice] 1#1: signal 17 (SIGCHLD) received from 25
2022/04/28 15:32:04 [notice] 1#1: worker process 25 exited with code 0
2022/04/28 15:32:04 [notice] 1#1: signal 29 (SIGIO) received
2022/04/28 15:32:04 [notice] 1#1: signal 17 (SIGCHLD) received from 26
2022/04/28 15:32:04 [notice] 1#1: worker process 26 exited with code 0
2022/04/28 15:32:04 [notice] 1#1: signal 29 (SIGIO) received
2022/04/28 15:32:04 [notice] 1#1: signal 17 (SIGCHLD) received from 27
2022/04/28 15:32:04 [notice] 1#1: worker process 27 exited with code 0
2022/04/28 15:32:04 [notice] 1#1: signal 29 (SIGIO) received
2022/04/28 15:32:04 [notice] 1#1: signal 17 (SIGCHLD) received from 24
2022/04/28 15:32:04 [notice] 1#1: worker process 24 exited with code 0
2022/04/28 15:32:04 [notice] 1#1: exit
2022/04/28 15:32:10 [warn] 1#1: conflicting server name "textile.lc" on 0.0.0.0:80, ignored
2022/04/28 15:32:10 [notice] 1#1: using the "epoll" event method
2022/04/28 15:32:10 [notice] 1#1: nginx/1.21.6
2022/04/28 15:32:10 [notice] 1#1: built by gcc 10.2.1 20210110 (Debian 10.2.1-6) 
2022/04/28 15:32:10 [notice] 1#1: OS: Linux 5.10.104-linuxkit
2022/04/28 15:32:10 [notice] 1#1: getrlimit(RLIMIT_NOFILE): 1048576:1048576
2022/04/28 15:32:10 [notice] 1#1: start worker processes
2022/04/28 15:32:10 [notice] 1#1: start worker process 23
2022/04/28 15:32:10 [notice] 1#1: start worker process 24
2022/04/28 15:32:10 [notice] 1#1: start worker process 25
2022/04/28 15:32:10 [notice] 1#1: start worker process 26
2022/04/28 16:14:59 [warn] 1#1: conflicting server name "textile.lc" on 0.0.0.0:80, ignored
2022/04/28 16:14:59 [notice] 1#1: using the "epoll" event method
2022/04/28 16:14:59 [notice] 1#1: nginx/1.21.6
2022/04/28 16:14:59 [notice] 1#1: built by gcc 10.2.1 20210110 (Debian 10.2.1-6) 
2022/04/28 16:14:59 [notice] 1#1: OS: Linux 5.10.104-linuxkit
2022/04/28 16:14:59 [notice] 1#1: getrlimit(RLIMIT_NOFILE): 1048576:1048576
2022/04/28 16:14:59 [notice] 1#1: start worker processes
2022/04/28 16:14:59 [notice] 1#1: start worker process 23
2022/04/28 16:14:59 [notice] 1#1: start worker process 24
2022/04/28 16:14:59 [notice] 1#1: start worker process 25
2022/04/28 16:14:59 [notice] 1#1: start worker process 26
